# This file was automatically created by FeynRules 2.3.21
# Mathematica version: 10.3.1 for Mac OS X x86 (64-bit) (December 9, 2015)
# Date: Thu 20 Oct 2016 00:50:21


# 
# This is the logfile for the model 3jet

# Authors: N. Christensen, C. Duhr, B. Fuks, Bogdan Dobrescu
# Model version: 1.4.6
# Checking the Quantum numbers
   * Electric charge defined.
# Checking the Lagrangians
   * All Lagrangians are ok.
#
# Particle definitions
#

   * No particles removed. All particles correspond to GenInt setup.

# Automatically assigned PDG numbers
   * Assigned PDG number 9000001 to particle ghA
   * Assigned PDG number 9000002 to particle ghZ
   * Assigned PDG number 9000003 to particle ghWp
   * Assigned PDG number 9000004 to particle ghWm


# Compulsory PDG codes:
   * Class SM leptons complete.
   * Class SM neutrinos complete.
   * Class SM quarks complete.
   * Class SM gauge bosons complete.
#
# Parameter definitions
#

   * All parameters are ok.


# Vertices
   * Calling FeynmanRules for 2 Lagrangians.
   * Number of classes vertices: 39
   * Number of flavored vertices: 81
   * Saved vertices in InterfaceRun[ 1 ].
   * Checked QNumber conservation.
      - Quantum number GhostNumber conserved in all vertices.
      - Quantum number LeptonNumber conserved in all vertices.
      - Quantum number Q conserved in all vertices.
      - Quantum number Y conserved in all vertices.
   * particles.py written.
   * parameters.py written.
#
# Vertex definitions
#

   * 81 vertices written.
   * vertices.py written.
#
# Lorentz structure definitions
#

   * 21 lorentz structures written.
   * lorentz.py written.
#
# Coupling definitions
#

   * 48 couplings written.
   * couplings.py written.
#
# Coupling order definitions
#

   * 0 couplings orders written.
   * coupling_orders.py written.
#
# Decay definitions
#

   * 8 decays written.
   * decay.py not written
#
# CTCoupling definitions
#

   * 0 CTcouplings written.
   * CT_couplings.py written.
